{"contracts\\backdoor\\WalletRegistry.sol":{"l":{"37":0,"38":0,"40":0,"41":0,"42":0,"44":0,"45":0,"50":0,"54":0,"68":0,"70":0,"73":0,"74":0,"77":0,"80":0,"81":0,"84":0,"86":0,"89":0,"92":0,"95":0},"path":"C:\\Users\\nolan\\damn-vulnerable-defi\\contracts\\backdoor\\WalletRegistry.sol","s":{"1":0,"2":0,"3":0,"4":0,"5":0,"6":0,"7":0,"8":0,"9":0,"10":0,"11":0,"12":0,"13":0,"14":0,"15":0},"b":{"1":[0,0],"2":[0,0],"3":[0,0],"4":[0,0],"5":[0,0],"6":[0,0],"7":[0,0],"8":[0,0],"9":[0,0],"10":[0,0]},"f":{"1":0,"2":0,"3":0,"4":0},"fnMap":{"1":{"name":"constructor","line":31,"loc":{"start":{"line":31,"column":4},"end":{"line":47,"column":4}}},"2":{"name":"addBeneficiary","line":49,"loc":{"start":{"line":49,"column":4},"end":{"line":51,"column":4}}},"3":{"name":"_removeBeneficiary","line":53,"loc":{"start":{"line":53,"column":4},"end":{"line":55,"column":4}}},"4":{"name":"proxyCreated","line":61,"loc":{"start":{"line":61,"column":4},"end":{"line":96,"column":4}}}},"statementMap":{"1":{"start":{"line":37,"column":8},"end":{"line":37,"column":47}},"2":{"start":{"line":38,"column":8},"end":{"line":38,"column":50}},"3":{"start":{"line":44,"column":8},"end":{"line":44,"column":1639}},"4":{"start":{"line":45,"column":12},"end":{"line":45,"column":50}},"5":{"start":{"line":68,"column":8},"end":{"line":68,"column":90}},"6":{"start":{"line":70,"column":8},"end":{"line":70,"column":54}},"7":{"start":{"line":73,"column":8},"end":{"line":73,"column":69}},"8":{"start":{"line":74,"column":8},"end":{"line":74,"column":63}},"9":{"start":{"line":77,"column":8},"end":{"line":77,"column":92}},"10":{"start":{"line":80,"column":8},"end":{"line":80,"column":94}},"11":{"start":{"line":81,"column":8},"end":{"line":81,"column":102}},"12":{"start":{"line":84,"column":8},"end":{"line":84,"column":70}},"13":{"start":{"line":86,"column":8},"end":{"line":86,"column":84}},"14":{"start":{"line":89,"column":8},"end":{"line":89,"column":38}},"15":{"start":{"line":95,"column":8},"end":{"line":95,"column":51}}},"branchMap":{"1":{"line":37,"type":"if","locations":[{"start":{"line":37,"column":8},"end":{"line":37,"column":8}},{"start":{"line":37,"column":8},"end":{"line":37,"column":8}}]},"2":{"line":38,"type":"if","locations":[{"start":{"line":38,"column":8},"end":{"line":38,"column":8}},{"start":{"line":38,"column":8},"end":{"line":38,"column":8}}]},"3":{"line":49,"type":"if","locations":[{"start":{"line":49,"column":56},"end":{"line":49,"column":56}},{"start":{"line":49,"column":56},"end":{"line":49,"column":56}}]},"4":{"line":68,"type":"if","locations":[{"start":{"line":68,"column":8},"end":{"line":68,"column":8}},{"start":{"line":68,"column":8},"end":{"line":68,"column":8}}]},"5":{"line":73,"type":"if","locations":[{"start":{"line":73,"column":8},"end":{"line":73,"column":8}},{"start":{"line":73,"column":8},"end":{"line":73,"column":8}}]},"6":{"line":74,"type":"if","locations":[{"start":{"line":74,"column":8},"end":{"line":74,"column":8}},{"start":{"line":74,"column":8},"end":{"line":74,"column":8}}]},"7":{"line":77,"type":"if","locations":[{"start":{"line":77,"column":8},"end":{"line":77,"column":8}},{"start":{"line":77,"column":8},"end":{"line":77,"column":8}}]},"8":{"line":80,"type":"if","locations":[{"start":{"line":80,"column":8},"end":{"line":80,"column":8}},{"start":{"line":80,"column":8},"end":{"line":80,"column":8}}]},"9":{"line":81,"type":"if","locations":[{"start":{"line":81,"column":8},"end":{"line":81,"column":8}},{"start":{"line":81,"column":8},"end":{"line":81,"column":8}}]},"10":{"line":86,"type":"if","locations":[{"start":{"line":86,"column":8},"end":{"line":86,"column":8}},{"start":{"line":86,"column":8},"end":{"line":86,"column":8}}]}}},"contracts\\climber\\ClimberTimelock.sol":{"l":{"41":0,"42":0,"45":0,"46":0,"48":0,"52":0,"54":0,"55":0,"57":0,"59":0,"61":0,"71":0,"80":0,"81":0,"82":0,"84":0,"85":0,"87":0,"88":0,"98":0,"99":0,"100":0,"102":0,"104":0,"105":0,"108":0,"109":0,"113":0,"114":0,"115":0},"path":"C:\\Users\\nolan\\damn-vulnerable-defi\\contracts\\climber\\ClimberTimelock.sol","s":{"1":0,"2":0,"3":0,"4":0,"5":0,"6":0,"7":0,"8":0,"9":0,"10":0,"11":0,"12":0,"13":0,"14":0,"15":0,"16":0,"17":0,"18":0,"19":0,"20":0,"21":0,"22":0,"23":0,"24":0,"25":0,"26":0,"27":0,"28":0},"b":{"1":[0,0],"2":[0,0],"3":[0,0],"4":[0,0],"5":[0,0],"6":[0,0],"7":[0,0],"8":[0,0],"9":[0,0],"10":[0,0],"11":[0,0],"12":[0,0],"13":[0,0],"14":[0,0]},"f":{"1":0,"2":0,"3":0,"4":0,"5":0,"6":0},"fnMap":{"1":{"name":"constructor","line":37,"loc":{"start":{"line":37,"column":4},"end":{"line":49,"column":4}}},"2":{"name":"getOperationState","line":51,"loc":{"start":{"line":51,"column":4},"end":{"line":63,"column":4}}},"3":{"name":"getOperationId","line":65,"loc":{"start":{"line":65,"column":4},"end":{"line":72,"column":4}}},"4":{"name":"schedule","line":79,"loc":{"start":{"line":74,"column":4},"end":{"line":89,"column":4}}},"5":{"name":"execute","line":92,"loc":{"start":{"line":92,"column":4},"end":{"line":110,"column":4}}},"6":{"name":"updateDelay","line":112,"loc":{"start":{"line":112,"column":4},"end":{"line":116,"column":4}}}},"statementMap":{"1":{"start":{"line":41,"column":8},"end":{"line":41,"column":44}},"2":{"start":{"line":42,"column":8},"end":{"line":42,"column":47}},"3":{"start":{"line":45,"column":8},"end":{"line":45,"column":36}},"4":{"start":{"line":46,"column":8},"end":{"line":46,"column":44}},"5":{"start":{"line":48,"column":8},"end":{"line":48,"column":42}},"6":{"start":{"line":52,"column":8},"end":{"line":52,"column":44}},"7":{"start":{"line":54,"column":8},"end":{"line":54,"column":1699}},"8":{"start":{"line":55,"column":12},"end":{"line":55,"column":42}},"9":{"start":{"line":56,"column":15},"end":{"line":56,"column":1778}},"10":{"start":{"line":57,"column":12},"end":{"line":57,"column":51}},"11":{"start":{"line":58,"column":15},"end":{"line":58,"column":1893}},"12":{"start":{"line":59,"column":12},"end":{"line":59,"column":43}},"13":{"start":{"line":61,"column":12},"end":{"line":61,"column":41}},"14":{"start":{"line":71,"column":8},"end":{"line":71,"column":73}},"15":{"start":{"line":80,"column":8},"end":{"line":80,"column":58}},"16":{"start":{"line":81,"column":8},"end":{"line":81,"column":47}},"17":{"start":{"line":82,"column":8},"end":{"line":82,"column":53}},"18":{"start":{"line":84,"column":8},"end":{"line":84,"column":72}},"19":{"start":{"line":85,"column":8},"end":{"line":85,"column":90}},"20":{"start":{"line":98,"column":8},"end":{"line":98,"column":70}},"21":{"start":{"line":99,"column":8},"end":{"line":99,"column":47}},"22":{"start":{"line":100,"column":8},"end":{"line":100,"column":53}},"23":{"start":{"line":102,"column":8},"end":{"line":102,"column":72}},"24":{"start":{"line":104,"column":8},"end":{"line":104,"column":3539}},"25":{"start":{"line":105,"column":12},"end":{"line":105,"column":71}},"26":{"start":{"line":108,"column":8},"end":{"line":108,"column":73}},"27":{"start":{"line":113,"column":8},"end":{"line":113,"column":77}},"28":{"start":{"line":114,"column":8},"end":{"line":114,"column":68}}},"branchMap":{"1":{"line":54,"type":"if","locations":[{"start":{"line":54,"column":8},"end":{"line":54,"column":8}},{"start":{"line":54,"column":8},"end":{"line":54,"column":8}}]},"2":{"line":56,"type":"if","locations":[{"start":{"line":56,"column":15},"end":{"line":56,"column":15}},{"start":{"line":56,"column":15},"end":{"line":56,"column":15}}]},"3":{"line":58,"type":"if","locations":[{"start":{"line":58,"column":15},"end":{"line":58,"column":15}},{"start":{"line":58,"column":15},"end":{"line":58,"column":15}}]},"4":{"line":79,"type":"if","locations":[{"start":{"line":79,"column":15},"end":{"line":79,"column":15}},{"start":{"line":79,"column":15},"end":{"line":79,"column":15}}]},"5":{"line":80,"type":"if","locations":[{"start":{"line":80,"column":8},"end":{"line":80,"column":8}},{"start":{"line":80,"column":8},"end":{"line":80,"column":8}}]},"6":{"line":81,"type":"if","locations":[{"start":{"line":81,"column":8},"end":{"line":81,"column":8}},{"start":{"line":81,"column":8},"end":{"line":81,"column":8}}]},"7":{"line":82,"type":"if","locations":[{"start":{"line":82,"column":8},"end":{"line":82,"column":8}},{"start":{"line":82,"column":8},"end":{"line":82,"column":8}}]},"8":{"line":85,"type":"if","locations":[{"start":{"line":85,"column":8},"end":{"line":85,"column":8}},{"start":{"line":85,"column":8},"end":{"line":85,"column":8}}]},"9":{"line":98,"type":"if","locations":[{"start":{"line":98,"column":8},"end":{"line":98,"column":8}},{"start":{"line":98,"column":8},"end":{"line":98,"column":8}}]},"10":{"line":99,"type":"if","locations":[{"start":{"line":99,"column":8},"end":{"line":99,"column":8}},{"start":{"line":99,"column":8},"end":{"line":99,"column":8}}]},"11":{"line":100,"type":"if","locations":[{"start":{"line":100,"column":8},"end":{"line":100,"column":8}},{"start":{"line":100,"column":8},"end":{"line":100,"column":8}}]},"12":{"line":108,"type":"if","locations":[{"start":{"line":108,"column":8},"end":{"line":108,"column":8}},{"start":{"line":108,"column":8},"end":{"line":108,"column":8}}]},"13":{"line":113,"type":"if","locations":[{"start":{"line":113,"column":8},"end":{"line":113,"column":8}},{"start":{"line":113,"column":8},"end":{"line":113,"column":8}}]},"14":{"line":114,"type":"if","locations":[{"start":{"line":114,"column":8},"end":{"line":114,"column":8}},{"start":{"line":114,"column":8},"end":{"line":114,"column":8}}]}}},"contracts\\climber\\ClimberVault.sol":{"l":{"25":0,"26":0,"34":0,"35":0,"38":0,"40":0,"41":0,"42":0,"47":0,"48":0,"50":0,"52":0,"53":0,"58":0,"59":0,"63":0,"67":0,"71":0,"75":0},"path":"C:\\Users\\nolan\\damn-vulnerable-defi\\contracts\\climber\\ClimberVault.sol","s":{"1":0,"2":0,"3":0,"4":0,"5":0,"6":0,"7":0,"8":0,"9":0,"10":0,"11":0,"12":0,"13":0,"14":0,"15":0},"b":{"1":[0,0],"2":[0,0],"3":[0,0],"4":[0,0],"5":[0,0],"6":[0,0],"7":[0,0],"8":[0,0],"9":[0,0]},"f":{"1":0,"2":0,"3":0,"4":0,"5":0,"6":0,"7":0,"8":0,"9":0,"10":0},"fnMap":{"1":{"name":"onlySweeper","line":24,"loc":{"start":{"line":24,"column":4},"end":{"line":27,"column":4}}},"2":{"name":"constructor","line":30,"loc":{"start":{"line":30,"column":4},"end":{"line":30,"column":31}}},"3":{"name":"initialize","line":32,"loc":{"start":{"line":32,"column":4},"end":{"line":43,"column":4}}},"4":{"name":"withdraw","line":46,"loc":{"start":{"line":46,"column":4},"end":{"line":54,"column":4}}},"5":{"name":"sweepFunds","line":57,"loc":{"start":{"line":57,"column":4},"end":{"line":60,"column":4}}},"6":{"name":"getSweeper","line":62,"loc":{"start":{"line":62,"column":4},"end":{"line":64,"column":4}}},"7":{"name":"_setSweeper","line":66,"loc":{"start":{"line":66,"column":4},"end":{"line":68,"column":4}}},"8":{"name":"getLastWithdrawalTimestamp","line":70,"loc":{"start":{"line":70,"column":4},"end":{"line":72,"column":4}}},"9":{"name":"_setLastWithdrawal","line":74,"loc":{"start":{"line":74,"column":4},"end":{"line":76,"column":4}}},"10":{"name":"_authorizeUpgrade","line":79,"loc":{"start":{"line":79,"column":4},"end":{"line":79,"column":87}}}},"statementMap":{"1":{"start":{"line":25,"column":8},"end":{"line":25,"column":64}},"2":{"start":{"line":34,"column":8},"end":{"line":34,"column":23}},"3":{"start":{"line":35,"column":8},"end":{"line":35,"column":31}},"4":{"start":{"line":38,"column":8},"end":{"line":38,"column":71}},"5":{"start":{"line":40,"column":8},"end":{"line":40,"column":27}},"6":{"start":{"line":41,"column":8},"end":{"line":41,"column":42}},"7":{"start":{"line":47,"column":8},"end":{"line":47,"column":66}},"8":{"start":{"line":48,"column":8},"end":{"line":48,"column":88}},"9":{"start":{"line":50,"column":8},"end":{"line":50,"column":42}},"10":{"start":{"line":52,"column":8},"end":{"line":52,"column":43}},"11":{"start":{"line":53,"column":8},"end":{"line":53,"column":68}},"12":{"start":{"line":58,"column":8},"end":{"line":58,"column":43}},"13":{"start":{"line":59,"column":8},"end":{"line":59,"column":91}},"14":{"start":{"line":63,"column":8},"end":{"line":63,"column":23}},"15":{"start":{"line":71,"column":8},"end":{"line":71,"column":39}}},"branchMap":{"1":{"line":25,"type":"if","locations":[{"start":{"line":25,"column":8},"end":{"line":25,"column":8}},{"start":{"line":25,"column":8},"end":{"line":25,"column":8}}]},"2":{"line":32,"type":"if","locations":[{"start":{"line":32,"column":74},"end":{"line":32,"column":74}},{"start":{"line":32,"column":74},"end":{"line":32,"column":74}}]},"3":{"line":46,"type":"if","locations":[{"start":{"line":46,"column":88},"end":{"line":46,"column":88}},{"start":{"line":46,"column":88},"end":{"line":46,"column":88}}]},"4":{"line":47,"type":"if","locations":[{"start":{"line":47,"column":8},"end":{"line":47,"column":8}},{"start":{"line":47,"column":8},"end":{"line":47,"column":8}}]},"5":{"line":48,"type":"if","locations":[{"start":{"line":48,"column":8},"end":{"line":48,"column":8}},{"start":{"line":48,"column":8},"end":{"line":48,"column":8}}]},"6":{"line":53,"type":"if","locations":[{"start":{"line":53,"column":8},"end":{"line":53,"column":8}},{"start":{"line":53,"column":8},"end":{"line":53,"column":8}}]},"7":{"line":57,"type":"if","locations":[{"start":{"line":57,"column":55},"end":{"line":57,"column":55}},{"start":{"line":57,"column":55},"end":{"line":57,"column":55}}]},"8":{"line":59,"type":"if","locations":[{"start":{"line":59,"column":8},"end":{"line":59,"column":8}},{"start":{"line":59,"column":8},"end":{"line":59,"column":8}}]},"9":{"line":79,"type":"if","locations":[{"start":{"line":79,"column":67},"end":{"line":79,"column":67}},{"start":{"line":79,"column":67},"end":{"line":79,"column":67}}]}}},"contracts\\compromised\\Exchange.sol":{"l":{"25":0,"26":0,"30":0,"31":0,"34":0,"35":0,"37":0,"39":0,"41":0,"43":0,"47":0,"48":0,"51":0,"52":0,"54":0,"55":0,"57":0,"59":0},"path":"C:\\Users\\nolan\\damn-vulnerable-defi\\contracts\\compromised\\Exchange.sol","s":{"1":0,"2":0,"3":0,"4":0,"5":0,"6":0,"7":0,"8":0,"9":0,"10":0,"11":0,"12":0,"13":0,"14":0,"15":0,"16":0},"b":{"1":[0,0],"2":[0,0],"3":[0,0],"4":[0,0],"5":[0,0],"6":[0,0],"7":[0,0]},"f":{"1":0,"2":0,"3":0},"fnMap":{"1":{"name":"constructor","line":24,"loc":{"start":{"line":24,"column":4},"end":{"line":27,"column":4}}},"2":{"name":"buyOne","line":29,"loc":{"start":{"line":29,"column":4},"end":{"line":44,"column":4}}},"3":{"name":"sellOne","line":46,"loc":{"start":{"line":46,"column":4},"end":{"line":60,"column":4}}}},"statementMap":{"1":{"start":{"line":30,"column":8},"end":{"line":30,"column":43}},"2":{"start":{"line":31,"column":8},"end":{"line":31,"column":76}},"3":{"start":{"line":34,"column":8},"end":{"line":34,"column":73}},"4":{"start":{"line":35,"column":8},"end":{"line":35,"column":81}},"5":{"start":{"line":37,"column":8},"end":{"line":37,"column":52}},"6":{"start":{"line":39,"column":8},"end":{"line":39,"column":73}},"7":{"start":{"line":41,"column":8},"end":{"line":41,"column":64}},"8":{"start":{"line":43,"column":8},"end":{"line":43,"column":22}},"9":{"start":{"line":47,"column":8},"end":{"line":47,"column":80}},"10":{"start":{"line":48,"column":8},"end":{"line":48,"column":97}},"11":{"start":{"line":51,"column":8},"end":{"line":51,"column":73}},"12":{"start":{"line":52,"column":8},"end":{"line":52,"column":87}},"13":{"start":{"line":54,"column":8},"end":{"line":54,"column":61}},"14":{"start":{"line":55,"column":8},"end":{"line":55,"column":26}},"15":{"start":{"line":57,"column":8},"end":{"line":57,"column":55}},"16":{"start":{"line":59,"column":8},"end":{"line":59,"column":62}}},"branchMap":{"1":{"line":29,"type":"if","locations":[{"start":{"line":29,"column":39},"end":{"line":29,"column":39}},{"start":{"line":29,"column":39},"end":{"line":29,"column":39}}]},"2":{"line":31,"type":"if","locations":[{"start":{"line":31,"column":8},"end":{"line":31,"column":8}},{"start":{"line":31,"column":8},"end":{"line":31,"column":8}}]},"3":{"line":35,"type":"if","locations":[{"start":{"line":35,"column":8},"end":{"line":35,"column":8}},{"start":{"line":35,"column":8},"end":{"line":35,"column":8}}]},"4":{"line":46,"type":"if","locations":[{"start":{"line":46,"column":47},"end":{"line":46,"column":47}},{"start":{"line":46,"column":47},"end":{"line":46,"column":47}}]},"5":{"line":47,"type":"if","locations":[{"start":{"line":47,"column":8},"end":{"line":47,"column":8}},{"start":{"line":47,"column":8},"end":{"line":47,"column":8}}]},"6":{"line":48,"type":"if","locations":[{"start":{"line":48,"column":8},"end":{"line":48,"column":8}},{"start":{"line":48,"column":8},"end":{"line":48,"column":8}}]},"7":{"line":52,"type":"if","locations":[{"start":{"line":52,"column":8},"end":{"line":52,"column":8}},{"start":{"line":52,"column":8},"end":{"line":52,"column":8}}]}}},"contracts\\compromised\\TrustfulOracle.sol":{"l":{"22":0,"23":0,"27":0,"28":0,"39":0,"40":0,"41":0,"44":0,"45":0,"59":0,"60":0,"61":0,"63":0,"67":0,"71":0,"75":0,"76":0,"78":0,"79":0,"80":0,"83":0,"87":0,"91":0,"95":0,"96":0,"97":0,"101":0,"104":0,"105":0,"106":0,"107":0,"109":0,"114":0,"115":0,"116":0,"117":0,"118":0,"119":0,"123":0},"path":"C:\\Users\\nolan\\damn-vulnerable-defi\\contracts\\compromised\\TrustfulOracle.sol","s":{"1":0,"2":0,"3":0,"4":0,"5":0,"6":0,"7":0,"8":0,"9":0,"10":0,"11":0,"12":0,"13":0,"14":0,"15":0,"16":0,"17":0,"18":0,"19":0,"20":0,"21":0,"22":0,"23":0,"24":0,"25":0,"26":0,"27":0,"28":0,"29":0,"30":0,"31":0,"32":0,"33":0},"b":{"1":[0,0],"2":[0,0],"3":[0,0],"4":[0,0],"5":[0,0],"6":[0,0],"7":[0,0],"8":[0,0],"9":[0,0]},"f":{"1":0,"2":0,"3":0,"4":0,"5":0,"6":0,"7":0,"8":0,"9":0,"10":0,"11":0,"12":0},"fnMap":{"1":{"name":"onlyTrustedSource","line":21,"loc":{"start":{"line":21,"column":4},"end":{"line":24,"column":4}}},"2":{"name":"onlyInitializer","line":26,"loc":{"start":{"line":26,"column":4},"end":{"line":29,"column":4}}},"3":{"name":"constructor","line":38,"loc":{"start":{"line":38,"column":4},"end":{"line":47,"column":4}}},"4":{"name":"setupInitialPrices","line":56,"loc":{"start":{"line":50,"column":4},"end":{"line":64,"column":4}}},"5":{"name":"postPrice","line":66,"loc":{"start":{"line":66,"column":4},"end":{"line":68,"column":4}}},"6":{"name":"getMedianPrice","line":70,"loc":{"start":{"line":70,"column":4},"end":{"line":72,"column":4}}},"7":{"name":"getAllPricesForSymbol","line":74,"loc":{"start":{"line":74,"column":4},"end":{"line":84,"column":4}}},"8":{"name":"getPriceBySource","line":86,"loc":{"start":{"line":86,"column":4},"end":{"line":88,"column":4}}},"9":{"name":"getNumberOfSources","line":90,"loc":{"start":{"line":90,"column":4},"end":{"line":92,"column":4}}},"10":{"name":"_setPrice","line":94,"loc":{"start":{"line":94,"column":4},"end":{"line":98,"column":4}}},"11":{"name":"_computeMedianPrice","line":100,"loc":{"start":{"line":100,"column":4},"end":{"line":111,"column":4}}},"12":{"name":"_sort","line":113,"loc":{"start":{"line":113,"column":4},"end":{"line":124,"column":4}}}},"statementMap":{"1":{"start":{"line":22,"column":8},"end":{"line":22,"column":56}},"2":{"start":{"line":27,"column":8},"end":{"line":27,"column":53}},"3":{"start":{"line":39,"column":8},"end":{"line":39,"column":34}},"4":{"start":{"line":40,"column":8},"end":{"line":40,"column":1297}},"5":{"start":{"line":41,"column":12},"end":{"line":41,"column":54}},"6":{"start":{"line":44,"column":8},"end":{"line":44,"column":1423}},"7":{"start":{"line":45,"column":12},"end":{"line":45,"column":51}},"8":{"start":{"line":59,"column":8},"end":{"line":59,"column":83}},"9":{"start":{"line":60,"column":8},"end":{"line":60,"column":1950}},"10":{"start":{"line":61,"column":12},"end":{"line":61,"column":55}},"11":{"start":{"line":63,"column":8},"end":{"line":63,"column":49}},"12":{"start":{"line":67,"column":8},"end":{"line":67,"column":46}},"13":{"start":{"line":71,"column":8},"end":{"line":71,"column":42}},"14":{"start":{"line":75,"column":8},"end":{"line":75,"column":54}},"15":{"start":{"line":76,"column":8},"end":{"line":76,"column":64}},"16":{"start":{"line":78,"column":8},"end":{"line":78,"column":2657}},"17":{"start":{"line":79,"column":12},"end":{"line":79,"column":66}},"18":{"start":{"line":83,"column":8},"end":{"line":83,"column":21}},"19":{"start":{"line":87,"column":8},"end":{"line":87,"column":45}},"20":{"start":{"line":91,"column":8},"end":{"line":91,"column":54}},"21":{"start":{"line":95,"column":8},"end":{"line":95,"column":57}},"22":{"start":{"line":97,"column":8},"end":{"line":97,"column":61}},"23":{"start":{"line":101,"column":8},"end":{"line":101,"column":70}},"24":{"start":{"line":104,"column":8},"end":{"line":104,"column":3653}},"25":{"start":{"line":105,"column":12},"end":{"line":105,"column":63}},"26":{"start":{"line":106,"column":12},"end":{"line":106,"column":58}},"27":{"start":{"line":107,"column":12},"end":{"line":107,"column":47}},"28":{"start":{"line":109,"column":12},"end":{"line":109,"column":44}},"29":{"start":{"line":114,"column":8},"end":{"line":114,"column":4049}},"30":{"start":{"line":115,"column":12},"end":{"line":115,"column":4120}},"31":{"start":{"line":116,"column":16},"end":{"line":116,"column":4199}},"32":{"start":{"line":117,"column":20},"end":{"line":117,"column":51}},"33":{"start":{"line":123,"column":8},"end":{"line":123,"column":29}}},"branchMap":{"1":{"line":22,"type":"if","locations":[{"start":{"line":22,"column":8},"end":{"line":22,"column":8}},{"start":{"line":22,"column":8},"end":{"line":22,"column":8}}]},"2":{"line":27,"type":"if","locations":[{"start":{"line":27,"column":8},"end":{"line":27,"column":8}},{"start":{"line":27,"column":8},"end":{"line":27,"column":8}}]},"3":{"line":39,"type":"if","locations":[{"start":{"line":39,"column":8},"end":{"line":39,"column":8}},{"start":{"line":39,"column":8},"end":{"line":39,"column":8}}]},"4":{"line":44,"type":"if","locations":[{"start":{"line":44,"column":8},"end":{"line":44,"column":8}},{"start":{"line":44,"column":8},"end":{"line":44,"column":8}}]},"5":{"line":56,"type":"if","locations":[{"start":{"line":56,"column":8},"end":{"line":56,"column":8}},{"start":{"line":56,"column":8},"end":{"line":56,"column":8}}]},"6":{"line":59,"type":"if","locations":[{"start":{"line":59,"column":8},"end":{"line":59,"column":8}},{"start":{"line":59,"column":8},"end":{"line":59,"column":8}}]},"7":{"line":66,"type":"if","locations":[{"start":{"line":66,"column":74},"end":{"line":66,"column":74}},{"start":{"line":66,"column":74},"end":{"line":66,"column":74}}]},"8":{"line":104,"type":"if","locations":[{"start":{"line":104,"column":8},"end":{"line":104,"column":8}},{"start":{"line":104,"column":8},"end":{"line":104,"column":8}}]},"9":{"line":116,"type":"if","locations":[{"start":{"line":116,"column":16},"end":{"line":116,"column":16}},{"start":{"line":116,"column":16},"end":{"line":116,"column":16}}]}}},"contracts\\compromised\\TrustfulOracleInitializer.sol":{"l":{"22":0,"23":0,"24":0},"path":"C:\\Users\\nolan\\damn-vulnerable-defi\\contracts\\compromised\\TrustfulOracleInitializer.sol","s":{"1":0,"2":0},"b":{},"f":{"1":0},"fnMap":{"1":{"name":"constructor","line":16,"loc":{"start":{"line":16,"column":4},"end":{"line":25,"column":4}}}},"statementMap":{"1":{"start":{"line":23,"column":8},"end":{"line":23,"column":65}},"2":{"start":{"line":24,"column":8},"end":{"line":24,"column":47}}},"branchMap":{}},"contracts\\DamnValuableNFT.sol":{"l":{"21":0,"22":0,"26":0,"27":0,"28":0,"29":0,"38":0},"path":"C:\\Users\\nolan\\damn-vulnerable-defi\\contracts\\DamnValuableNFT.sol","s":{"1":0,"2":0,"3":0,"4":0,"5":0,"6":0,"7":0},"b":{"1":[0,0]},"f":{"1":0,"2":0,"3":0},"fnMap":{"1":{"name":"constructor","line":20,"loc":{"start":{"line":20,"column":4},"end":{"line":23,"column":4}}},"2":{"name":"safeMint","line":25,"loc":{"start":{"line":25,"column":4},"end":{"line":30,"column":4}}},"3":{"name":"supportsInterface","line":32,"loc":{"start":{"line":32,"column":4},"end":{"line":39,"column":4}}}},"statementMap":{"1":{"start":{"line":21,"column":8},"end":{"line":21,"column":49}},"2":{"start":{"line":22,"column":8},"end":{"line":22,"column":42}},"3":{"start":{"line":26,"column":8},"end":{"line":26,"column":51}},"4":{"start":{"line":27,"column":8},"end":{"line":27,"column":29}},"5":{"start":{"line":28,"column":8},"end":{"line":28,"column":34}},"6":{"start":{"line":29,"column":8},"end":{"line":29,"column":22}},"7":{"start":{"line":38,"column":8},"end":{"line":38,"column":51}}},"branchMap":{"1":{"line":25,"type":"if","locations":[{"start":{"line":25,"column":41},"end":{"line":25,"column":41}},{"start":{"line":25,"column":41},"end":{"line":25,"column":41}}]}}},"contracts\\DamnValuableToken.sol":{"l":{"15":3},"path":"C:\\Users\\nolan\\damn-vulnerable-defi\\contracts\\DamnValuableToken.sol","s":{"1":3},"b":{},"f":{"1":3},"fnMap":{"1":{"name":"constructor","line":14,"loc":{"start":{"line":14,"column":4},"end":{"line":16,"column":4}}}},"statementMap":{"1":{"start":{"line":15,"column":8},"end":{"line":15,"column":43}}},"branchMap":{}},"contracts\\DamnValuableTokenSnapshot.sol":{"l":{"16":0,"20":0,"21":0,"25":0,"29":0},"path":"C:\\Users\\nolan\\damn-vulnerable-defi\\contracts\\DamnValuableTokenSnapshot.sol","s":{"1":0,"2":0,"3":0,"4":0},"b":{},"f":{"1":0,"2":0,"3":0,"4":0},"fnMap":{"1":{"name":"constructor","line":15,"loc":{"start":{"line":15,"column":4},"end":{"line":17,"column":4}}},"2":{"name":"snapshot","line":19,"loc":{"start":{"line":19,"column":4},"end":{"line":22,"column":4}}},"3":{"name":"getBalanceAtLastSnapshot","line":24,"loc":{"start":{"line":24,"column":4},"end":{"line":26,"column":4}}},"4":{"name":"getTotalSupplyAtLastSnapshot","line":28,"loc":{"start":{"line":28,"column":4},"end":{"line":30,"column":4}}}},"statementMap":{"1":{"start":{"line":16,"column":8},"end":{"line":16,"column":39}},"2":{"start":{"line":21,"column":8},"end":{"line":21,"column":29}},"3":{"start":{"line":25,"column":8},"end":{"line":25,"column":51}},"4":{"start":{"line":29,"column":8},"end":{"line":29,"column":44}}},"branchMap":{}},"contracts\\free-rider\\FreeRiderBuyer.sol":{"l":{"22":0,"23":0,"24":0,"25":0,"40":0,"41":0,"42":0,"43":0,"45":0,"46":0,"47":0,"50":0},"path":"C:\\Users\\nolan\\damn-vulnerable-defi\\contracts\\free-rider\\FreeRiderBuyer.sol","s":{"1":0,"2":0,"3":0,"4":0,"5":0,"6":0,"7":0,"8":0,"9":0},"b":{"1":[0,0],"2":[0,0],"3":[0,0],"4":[0,0],"5":[0,0],"6":[0,0],"7":[0,0]},"f":{"1":0,"2":0},"fnMap":{"1":{"name":"constructor","line":21,"loc":{"start":{"line":21,"column":4},"end":{"line":26,"column":4}}},"2":{"name":"onERC721Received","line":37,"loc":{"start":{"line":29,"column":4},"end":{"line":51,"column":4}}}},"statementMap":{"1":{"start":{"line":22,"column":8},"end":{"line":22,"column":39}},"2":{"start":{"line":25,"column":8},"end":{"line":25,"column":56}},"3":{"start":{"line":40,"column":8},"end":{"line":40,"column":42}},"4":{"start":{"line":41,"column":8},"end":{"line":41,"column":36}},"5":{"start":{"line":42,"column":8},"end":{"line":42,"column":46}},"6":{"start":{"line":43,"column":8},"end":{"line":43,"column":54}},"7":{"start":{"line":46,"column":8},"end":{"line":46,"column":1448}},"8":{"start":{"line":47,"column":12},"end":{"line":47,"column":49}},"9":{"start":{"line":50,"column":8},"end":{"line":50,"column":56}}},"branchMap":{"1":{"line":22,"type":"if","locations":[{"start":{"line":22,"column":8},"end":{"line":22,"column":8}},{"start":{"line":22,"column":8},"end":{"line":22,"column":8}}]},"2":{"line":37,"type":"if","locations":[{"start":{"line":37,"column":8},"end":{"line":37,"column":8}},{"start":{"line":37,"column":8},"end":{"line":37,"column":8}}]},"3":{"line":40,"type":"if","locations":[{"start":{"line":40,"column":8},"end":{"line":40,"column":8}},{"start":{"line":40,"column":8},"end":{"line":40,"column":8}}]},"4":{"line":41,"type":"if","locations":[{"start":{"line":41,"column":8},"end":{"line":41,"column":8}},{"start":{"line":41,"column":8},"end":{"line":41,"column":8}}]},"5":{"line":42,"type":"if","locations":[{"start":{"line":42,"column":8},"end":{"line":42,"column":8}},{"start":{"line":42,"column":8},"end":{"line":42,"column":8}}]},"6":{"line":43,"type":"if","locations":[{"start":{"line":43,"column":8},"end":{"line":43,"column":8}},{"start":{"line":43,"column":8},"end":{"line":43,"column":8}}]},"7":{"line":46,"type":"if","locations":[{"start":{"line":46,"column":8},"end":{"line":46,"column":8}},{"start":{"line":46,"column":8},"end":{"line":46,"column":8}}]}}},"contracts\\free-rider\\FreeRiderNFTMarketplace.sol":{"l":{"26":0,"27":0,"29":0,"30":0,"35":0,"36":0,"37":0,"42":0,"44":0,"49":0,"55":0,"57":0,"59":0,"63":0,"64":0,"69":0,"70":0,"72":0,"74":0,"77":0,"80":0,"82":0},"path":"C:\\Users\\nolan\\damn-vulnerable-defi\\contracts\\free-rider\\FreeRiderNFTMarketplace.sol","s":{"1":0,"2":0,"3":0,"4":0,"5":0,"6":0,"7":0,"8":0,"9":0,"10":0,"11":0,"12":0,"13":0,"14":0,"15":0,"16":0,"17":0,"18":0},"b":{"1":[0,0],"2":[0,0],"3":[0,0],"4":[0,0],"5":[0,0],"6":[0,0],"7":[0,0],"8":[0,0],"9":[0,0],"10":[0,0]},"f":{"1":0,"2":0,"3":0,"4":0,"5":0},"fnMap":{"1":{"name":"constructor","line":25,"loc":{"start":{"line":25,"column":4},"end":{"line":32,"column":4}}},"2":{"name":"offerMany","line":34,"loc":{"start":{"line":34,"column":4},"end":{"line":39,"column":4}}},"3":{"name":"_offerOne","line":41,"loc":{"start":{"line":41,"column":4},"end":{"line":60,"column":4}}},"4":{"name":"buyMany","line":62,"loc":{"start":{"line":62,"column":4},"end":{"line":66,"column":4}}},"5":{"name":"_buyOne","line":68,"loc":{"start":{"line":68,"column":4},"end":{"line":83,"column":4}}}},"statementMap":{"1":{"start":{"line":26,"column":8},"end":{"line":26,"column":66}},"2":{"start":{"line":29,"column":8},"end":{"line":29,"column":911}},"3":{"start":{"line":30,"column":12},"end":{"line":30,"column":37}},"4":{"start":{"line":35,"column":8},"end":{"line":35,"column":71}},"5":{"start":{"line":36,"column":8},"end":{"line":36,"column":1210}},"6":{"start":{"line":37,"column":12},"end":{"line":37,"column":44}},"7":{"start":{"line":42,"column":8},"end":{"line":42,"column":60}},"8":{"start":{"line":44,"column":8},"end":{"line":44,"column":1467}},"9":{"start":{"line":49,"column":8},"end":{"line":49,"column":1600}},"10":{"start":{"line":59,"column":8},"end":{"line":59,"column":51}},"11":{"start":{"line":63,"column":8},"end":{"line":63,"column":2027}},"12":{"start":{"line":64,"column":12},"end":{"line":64,"column":31}},"13":{"start":{"line":69,"column":8},"end":{"line":69,"column":44}},"14":{"start":{"line":70,"column":8},"end":{"line":70,"column":60}},"15":{"start":{"line":72,"column":8},"end":{"line":72,"column":68}},"16":{"start":{"line":77,"column":8},"end":{"line":77,"column":74}},"17":{"start":{"line":80,"column":8},"end":{"line":80,"column":60}},"18":{"start":{"line":82,"column":8},"end":{"line":82,"column":55}}},"branchMap":{"1":{"line":26,"type":"if","locations":[{"start":{"line":26,"column":8},"end":{"line":26,"column":8}},{"start":{"line":26,"column":8},"end":{"line":26,"column":8}}]},"2":{"line":34,"type":"if","locations":[{"start":{"line":34,"column":88},"end":{"line":34,"column":88}},{"start":{"line":34,"column":88},"end":{"line":34,"column":88}}]},"3":{"line":35,"type":"if","locations":[{"start":{"line":35,"column":8},"end":{"line":35,"column":8}},{"start":{"line":35,"column":8},"end":{"line":35,"column":8}}]},"4":{"line":42,"type":"if","locations":[{"start":{"line":42,"column":8},"end":{"line":42,"column":8}},{"start":{"line":42,"column":8},"end":{"line":42,"column":8}}]},"5":{"line":44,"type":"if","locations":[{"start":{"line":44,"column":8},"end":{"line":44,"column":8}},{"start":{"line":44,"column":8},"end":{"line":44,"column":8}}]},"6":{"line":49,"type":"if","locations":[{"start":{"line":49,"column":8},"end":{"line":49,"column":8}},{"start":{"line":49,"column":8},"end":{"line":49,"column":8}}]},"7":{"line":50,"type":"cond-expr","locations":[{"start":{"line":50,"column":12},"end":{"line":50,"column":54}},{"start":{"line":51,"column":12},"end":{"line":51,"column":60}}]},"8":{"line":62,"type":"if","locations":[{"start":{"line":62,"column":67},"end":{"line":62,"column":67}},{"start":{"line":62,"column":67},"end":{"line":62,"column":67}}]},"9":{"line":70,"type":"if","locations":[{"start":{"line":70,"column":8},"end":{"line":70,"column":8}},{"start":{"line":70,"column":8},"end":{"line":70,"column":8}}]},"10":{"line":72,"type":"if","locations":[{"start":{"line":72,"column":8},"end":{"line":72,"column":8}},{"start":{"line":72,"column":8},"end":{"line":72,"column":8}}]}}},"contracts\\naive-receiver\\FlashLoanReceiver.sol":{"l":{"17":0,"22":0,"24":0,"26":0,"28":0,"31":0},"path":"C:\\Users\\nolan\\damn-vulnerable-defi\\contracts\\naive-receiver\\FlashLoanReceiver.sol","s":{"1":0,"2":0,"3":0,"4":0,"5":0},"b":{"1":[0,0],"2":[0,0]},"f":{"1":0,"2":0,"3":0},"fnMap":{"1":{"name":"constructor","line":16,"loc":{"start":{"line":16,"column":4},"end":{"line":18,"column":4}}},"2":{"name":"receiveEther","line":21,"loc":{"start":{"line":21,"column":4},"end":{"line":32,"column":4}}},"3":{"name":"_executeActionDuringFlashLoan","line":35,"loc":{"start":{"line":35,"column":4},"end":{"line":35,"column":56}}}},"statementMap":{"1":{"start":{"line":22,"column":8},"end":{"line":22,"column":57}},"2":{"start":{"line":24,"column":8},"end":{"line":24,"column":50}},"3":{"start":{"line":26,"column":8},"end":{"line":26,"column":84}},"4":{"start":{"line":28,"column":8},"end":{"line":28,"column":38}},"5":{"start":{"line":31,"column":8},"end":{"line":31,"column":39}}},"branchMap":{"1":{"line":22,"type":"if","locations":[{"start":{"line":22,"column":8},"end":{"line":22,"column":8}},{"start":{"line":22,"column":8},"end":{"line":22,"column":8}}]},"2":{"line":26,"type":"if","locations":[{"start":{"line":26,"column":8},"end":{"line":26,"column":8}},{"start":{"line":26,"column":8},"end":{"line":26,"column":8}}]}}},"contracts\\naive-receiver\\NaiveReceiverLenderPool.sol":{"l":{"18":0,"23":0,"24":0,"27":0,"29":0,"37":0},"path":"C:\\Users\\nolan\\damn-vulnerable-defi\\contracts\\naive-receiver\\NaiveReceiverLenderPool.sol","s":{"1":0,"2":0,"3":0,"4":0,"5":0,"6":0},"b":{"1":[0,0],"2":[0,0],"3":[0,0],"4":[0,0]},"f":{"1":0,"2":0},"fnMap":{"1":{"name":"fixedFee","line":17,"loc":{"start":{"line":17,"column":4},"end":{"line":19,"column":4}}},"2":{"name":"flashLoan","line":21,"loc":{"start":{"line":21,"column":4},"end":{"line":41,"column":4}}}},"statementMap":{"1":{"start":{"line":18,"column":8},"end":{"line":18,"column":24}},"2":{"start":{"line":23,"column":8},"end":{"line":23,"column":53}},"3":{"start":{"line":24,"column":8},"end":{"line":24,"column":71}},"4":{"start":{"line":27,"column":8},"end":{"line":27,"column":77}},"5":{"start":{"line":29,"column":8},"end":{"line":29,"column":939}},"6":{"start":{"line":37,"column":8},"end":{"line":37,"column":1151}}},"branchMap":{"1":{"line":21,"type":"if","locations":[{"start":{"line":21,"column":72},"end":{"line":21,"column":72}},{"start":{"line":21,"column":72},"end":{"line":21,"column":72}}]},"2":{"line":24,"type":"if","locations":[{"start":{"line":24,"column":8},"end":{"line":24,"column":8}},{"start":{"line":24,"column":8},"end":{"line":24,"column":8}}]},"3":{"line":27,"type":"if","locations":[{"start":{"line":27,"column":8},"end":{"line":27,"column":8}},{"start":{"line":27,"column":8},"end":{"line":27,"column":8}}]},"4":{"line":37,"type":"if","locations":[{"start":{"line":37,"column":8},"end":{"line":37,"column":8}},{"start":{"line":37,"column":8},"end":{"line":37,"column":8}}]}}},"contracts\\puppet-v2\\PuppetV2Pool.sol":{"l":{"35":0,"36":0,"37":0,"38":0,"47":0,"50":0,"53":0,"56":0,"58":0,"60":0,"64":0,"69":0,"72":0},"path":"C:\\Users\\nolan\\damn-vulnerable-defi\\contracts\\puppet-v2\\PuppetV2Pool.sol","s":{"1":0,"2":0,"3":0,"4":0,"5":0,"6":0,"7":0,"8":0},"b":{"1":[0,0],"2":[0,0]},"f":{"1":0,"2":0,"3":0,"4":0},"fnMap":{"1":{"name":"constructor","line":29,"loc":{"start":{"line":29,"column":4},"end":{"line":39,"column":4}}},"2":{"name":"borrow","line":46,"loc":{"start":{"line":46,"column":4},"end":{"line":61,"column":4}}},"3":{"name":"calculateDepositOfWETHRequired","line":63,"loc":{"start":{"line":63,"column":4},"end":{"line":65,"column":4}}},"4":{"name":"_getOracleQuote","line":68,"loc":{"start":{"line":68,"column":4},"end":{"line":73,"column":4}}}},"statementMap":{"1":{"start":{"line":47,"column":8},"end":{"line":47,"column":91}},"2":{"start":{"line":50,"column":8},"end":{"line":50,"column":84}},"3":{"start":{"line":53,"column":8},"end":{"line":53,"column":75}},"4":{"start":{"line":58,"column":8},"end":{"line":58,"column":57}},"5":{"start":{"line":60,"column":8},"end":{"line":60,"column":87}},"6":{"start":{"line":64,"column":8},"end":{"line":64,"column":63}},"7":{"start":{"line":69,"column":8},"end":{"line":69,"column":2581}},"8":{"start":{"line":72,"column":8},"end":{"line":72,"column":88}}},"branchMap":{"1":{"line":47,"type":"if","locations":[{"start":{"line":47,"column":8},"end":{"line":47,"column":8}},{"start":{"line":47,"column":8},"end":{"line":47,"column":8}}]},"2":{"line":58,"type":"if","locations":[{"start":{"line":58,"column":8},"end":{"line":58,"column":8}},{"start":{"line":58,"column":8},"end":{"line":58,"column":8}}]}}},"contracts\\puppet\\PuppetPool.sol":{"l":{"23":0,"24":0,"29":0,"31":0,"33":0,"34":0,"37":0,"40":0,"42":0,"46":0,"51":0},"path":"C:\\Users\\nolan\\damn-vulnerable-defi\\contracts\\puppet\\PuppetPool.sol","s":{"1":0,"2":0,"3":0,"4":0,"5":0,"6":0,"7":0,"8":0},"b":{"1":[0,0],"2":[0,0],"3":[0,0],"4":[0,0]},"f":{"1":0,"2":0,"3":0,"4":0},"fnMap":{"1":{"name":"constructor","line":22,"loc":{"start":{"line":22,"column":4},"end":{"line":25,"column":4}}},"2":{"name":"borrow","line":28,"loc":{"start":{"line":28,"column":4},"end":{"line":43,"column":4}}},"3":{"name":"calculateDepositRequired","line":45,"loc":{"start":{"line":45,"column":4},"end":{"line":47,"column":4}}},"4":{"name":"_computeOraclePrice","line":49,"loc":{"start":{"line":49,"column":4},"end":{"line":52,"column":4}}}},"statementMap":{"1":{"start":{"line":29,"column":8},"end":{"line":29,"column":72}},"2":{"start":{"line":31,"column":8},"end":{"line":31,"column":80}},"3":{"start":{"line":33,"column":8},"end":{"line":33,"column":1180}},"4":{"start":{"line":34,"column":12},"end":{"line":34,"column":69}},"5":{"start":{"line":40,"column":8},"end":{"line":40,"column":75}},"6":{"start":{"line":42,"column":8},"end":{"line":42,"column":64}},"7":{"start":{"line":46,"column":8},"end":{"line":46,"column":60}},"8":{"start":{"line":51,"column":8},"end":{"line":51,"column":78}}},"branchMap":{"1":{"line":28,"type":"if","locations":[{"start":{"line":28,"column":57},"end":{"line":28,"column":57}},{"start":{"line":28,"column":57},"end":{"line":28,"column":57}}]},"2":{"line":31,"type":"if","locations":[{"start":{"line":31,"column":8},"end":{"line":31,"column":8}},{"start":{"line":31,"column":8},"end":{"line":31,"column":8}}]},"3":{"line":33,"type":"if","locations":[{"start":{"line":33,"column":8},"end":{"line":33,"column":8}},{"start":{"line":33,"column":8},"end":{"line":33,"column":8}}]},"4":{"line":40,"type":"if","locations":[{"start":{"line":40,"column":8},"end":{"line":40,"column":8}},{"start":{"line":40,"column":8},"end":{"line":40,"column":8}}]}}},"contracts\\selfie\\SelfiePool.sol":{"l":{"23":0,"24":0,"28":0,"29":0,"33":0,"34":0,"36":0,"38":0,"39":0,"47":0,"49":0,"53":0,"54":0,"56":0},"path":"C:\\Users\\nolan\\damn-vulnerable-defi\\contracts\\selfie\\SelfiePool.sol","s":{"1":0,"2":0,"3":0,"4":0,"5":0,"6":0,"7":0,"8":0,"9":0,"10":0,"11":0},"b":{"1":[0,0],"2":[0,0],"3":[0,0],"4":[0,0],"5":[0,0],"6":[0,0]},"f":{"1":0,"2":0,"3":0,"4":0},"fnMap":{"1":{"name":"onlyGovernance","line":22,"loc":{"start":{"line":22,"column":4},"end":{"line":25,"column":4}}},"2":{"name":"constructor","line":27,"loc":{"start":{"line":27,"column":4},"end":{"line":30,"column":4}}},"3":{"name":"flashLoan","line":32,"loc":{"start":{"line":32,"column":4},"end":{"line":50,"column":4}}},"4":{"name":"drainAllFunds","line":52,"loc":{"start":{"line":52,"column":4},"end":{"line":57,"column":4}}}},"statementMap":{"1":{"start":{"line":23,"column":8},"end":{"line":23,"column":92}},"2":{"start":{"line":33,"column":8},"end":{"line":33,"column":62}},"3":{"start":{"line":34,"column":8},"end":{"line":34,"column":74}},"4":{"start":{"line":36,"column":8},"end":{"line":36,"column":47}},"5":{"start":{"line":38,"column":8},"end":{"line":38,"column":77}},"6":{"start":{"line":39,"column":8},"end":{"line":39,"column":1332}},"7":{"start":{"line":47,"column":8},"end":{"line":47,"column":61}},"8":{"start":{"line":49,"column":8},"end":{"line":49,"column":81}},"9":{"start":{"line":53,"column":8},"end":{"line":53,"column":55}},"10":{"start":{"line":54,"column":8},"end":{"line":54,"column":39}},"11":{"start":{"line":56,"column":8},"end":{"line":56,"column":43}}},"branchMap":{"1":{"line":23,"type":"if","locations":[{"start":{"line":23,"column":8},"end":{"line":23,"column":8}},{"start":{"line":23,"column":8},"end":{"line":23,"column":8}}]},"2":{"line":32,"type":"if","locations":[{"start":{"line":32,"column":54},"end":{"line":32,"column":54}},{"start":{"line":32,"column":54},"end":{"line":32,"column":54}}]},"3":{"line":34,"type":"if","locations":[{"start":{"line":34,"column":8},"end":{"line":34,"column":8}},{"start":{"line":34,"column":8},"end":{"line":34,"column":8}}]},"4":{"line":38,"type":"if","locations":[{"start":{"line":38,"column":8},"end":{"line":38,"column":8}},{"start":{"line":38,"column":8},"end":{"line":38,"column":8}}]},"5":{"line":49,"type":"if","locations":[{"start":{"line":49,"column":8},"end":{"line":49,"column":8}},{"start":{"line":49,"column":8},"end":{"line":49,"column":8}}]},"6":{"line":52,"type":"if","locations":[{"start":{"line":52,"column":54},"end":{"line":52,"column":54}},{"start":{"line":52,"column":54},"end":{"line":52,"column":54}}]}}},"contracts\\selfie\\SimpleGovernance.sol":{"l":{"33":0,"34":0,"35":0,"39":0,"40":0,"42":0,"44":0,"45":0,"46":0,"47":0,"48":0,"50":0,"52":0,"53":0,"57":0,"59":0,"60":0,"62":0,"67":0,"71":0,"80":0,"81":0,"88":0,"89":0,"90":0},"path":"C:\\Users\\nolan\\damn-vulnerable-defi\\contracts\\selfie\\SimpleGovernance.sol","s":{"1":0,"2":0,"3":0,"4":0,"5":0,"6":0,"7":0,"8":0,"9":0,"10":0,"11":0,"12":0,"13":0,"14":0,"15":0,"16":0,"17":0},"b":{"1":[0,0],"2":[0,0],"3":[0,0],"4":[0,0]},"f":{"1":0,"2":0,"3":0,"4":0,"5":0,"6":0},"fnMap":{"1":{"name":"constructor","line":32,"loc":{"start":{"line":32,"column":4},"end":{"line":36,"column":4}}},"2":{"name":"queueAction","line":38,"loc":{"start":{"line":38,"column":4},"end":{"line":54,"column":4}}},"3":{"name":"executeAction","line":56,"loc":{"start":{"line":56,"column":4},"end":{"line":68,"column":4}}},"4":{"name":"getActionDelay","line":70,"loc":{"start":{"line":70,"column":4},"end":{"line":72,"column":4}}},"5":{"name":"_canBeExecuted","line":79,"loc":{"start":{"line":79,"column":4},"end":{"line":85,"column":4}}},"6":{"name":"_hasEnoughVotes","line":87,"loc":{"start":{"line":87,"column":4},"end":{"line":91,"column":4}}}},"statementMap":{"1":{"start":{"line":33,"column":8},"end":{"line":33,"column":95}},"2":{"start":{"line":39,"column":8},"end":{"line":39,"column":84}},"3":{"start":{"line":40,"column":8},"end":{"line":40,"column":88}},"4":{"start":{"line":42,"column":8},"end":{"line":42,"column":40}},"5":{"start":{"line":44,"column":8},"end":{"line":44,"column":66}},"6":{"start":{"line":52,"column":8},"end":{"line":52,"column":47}},"7":{"start":{"line":53,"column":8},"end":{"line":53,"column":23}},"8":{"start":{"line":57,"column":8},"end":{"line":57,"column":70}},"9":{"start":{"line":59,"column":8},"end":{"line":59,"column":68}},"10":{"start":{"line":62,"column":8},"end":{"line":62,"column":2122}},"11":{"start":{"line":67,"column":8},"end":{"line":67,"column":49}},"12":{"start":{"line":71,"column":8},"end":{"line":71,"column":38}},"13":{"start":{"line":80,"column":8},"end":{"line":80,"column":67}},"14":{"start":{"line":81,"column":8},"end":{"line":81,"column":2764}},"15":{"start":{"line":88,"column":8},"end":{"line":88,"column":75}},"16":{"start":{"line":89,"column":8},"end":{"line":89,"column":84}},"17":{"start":{"line":90,"column":8},"end":{"line":90,"column":40}}},"branchMap":{"1":{"line":33,"type":"if","locations":[{"start":{"line":33,"column":8},"end":{"line":33,"column":8}},{"start":{"line":33,"column":8},"end":{"line":33,"column":8}}]},"2":{"line":39,"type":"if","locations":[{"start":{"line":39,"column":8},"end":{"line":39,"column":8}},{"start":{"line":39,"column":8},"end":{"line":39,"column":8}}]},"3":{"line":40,"type":"if","locations":[{"start":{"line":40,"column":8},"end":{"line":40,"column":8}},{"start":{"line":40,"column":8},"end":{"line":40,"column":8}}]},"4":{"line":57,"type":"if","locations":[{"start":{"line":57,"column":8},"end":{"line":57,"column":8}},{"start":{"line":57,"column":8},"end":{"line":57,"column":8}}]}}},"contracts\\side-entrance\\SideEntranceLenderPool.sol":{"l":{"20":0,"24":0,"25":0,"26":0,"30":0,"31":0,"33":0,"35":0},"path":"C:\\Users\\nolan\\damn-vulnerable-defi\\contracts\\side-entrance\\SideEntranceLenderPool.sol","s":{"1":0,"2":0,"3":0,"4":0,"5":0,"6":0},"b":{"1":[0,0],"2":[0,0]},"f":{"1":0,"2":0,"3":0},"fnMap":{"1":{"name":"deposit","line":19,"loc":{"start":{"line":19,"column":4},"end":{"line":21,"column":4}}},"2":{"name":"withdraw","line":23,"loc":{"start":{"line":23,"column":4},"end":{"line":27,"column":4}}},"3":{"name":"flashLoan","line":29,"loc":{"start":{"line":29,"column":4},"end":{"line":36,"column":4}}}},"statementMap":{"1":{"start":{"line":24,"column":8},"end":{"line":24,"column":55}},"2":{"start":{"line":26,"column":8},"end":{"line":26,"column":54}},"3":{"start":{"line":30,"column":8},"end":{"line":30,"column":53}},"4":{"start":{"line":31,"column":8},"end":{"line":31,"column":68}},"5":{"start":{"line":33,"column":8},"end":{"line":33,"column":67}},"6":{"start":{"line":35,"column":8},"end":{"line":35,"column":90}}},"branchMap":{"1":{"line":31,"type":"if","locations":[{"start":{"line":31,"column":8},"end":{"line":31,"column":8}},{"start":{"line":31,"column":8},"end":{"line":31,"column":8}}]},"2":{"line":35,"type":"if","locations":[{"start":{"line":35,"column":8},"end":{"line":35,"column":8}},{"start":{"line":35,"column":8},"end":{"line":35,"column":8}}]}}},"contracts\\the-rewarder\\AccountingToken.sol":{"l":{"21":0,"22":0,"23":0,"24":0,"28":0,"29":0,"33":0,"34":0,"38":0,"39":0,"44":0,"49":0},"path":"C:\\Users\\nolan\\damn-vulnerable-defi\\contracts\\the-rewarder\\AccountingToken.sol","s":{"1":0,"2":0,"3":0,"4":0,"5":0,"6":0,"7":0,"8":0,"9":0,"10":0,"11":0,"12":0},"b":{"1":[0,0],"2":[0,0],"3":[0,0]},"f":{"1":0,"2":0,"3":0,"4":0,"5":0,"6":0},"fnMap":{"1":{"name":"constructor","line":20,"loc":{"start":{"line":20,"column":4},"end":{"line":25,"column":4}}},"2":{"name":"mint","line":27,"loc":{"start":{"line":27,"column":4},"end":{"line":30,"column":4}}},"3":{"name":"burn","line":32,"loc":{"start":{"line":32,"column":4},"end":{"line":35,"column":4}}},"4":{"name":"snapshot","line":37,"loc":{"start":{"line":37,"column":4},"end":{"line":40,"column":4}}},"5":{"name":"_transfer","line":43,"loc":{"start":{"line":43,"column":4},"end":{"line":45,"column":4}}},"6":{"name":"_approve","line":48,"loc":{"start":{"line":48,"column":4},"end":{"line":50,"column":4}}}},"statementMap":{"1":{"start":{"line":21,"column":8},"end":{"line":21,"column":49}},"2":{"start":{"line":22,"column":8},"end":{"line":22,"column":42}},"3":{"start":{"line":23,"column":8},"end":{"line":23,"column":44}},"4":{"start":{"line":24,"column":8},"end":{"line":24,"column":42}},"5":{"start":{"line":28,"column":8},"end":{"line":28,"column":61}},"6":{"start":{"line":29,"column":8},"end":{"line":29,"column":24}},"7":{"start":{"line":33,"column":8},"end":{"line":33,"column":61}},"8":{"start":{"line":34,"column":8},"end":{"line":34,"column":26}},"9":{"start":{"line":38,"column":8},"end":{"line":38,"column":63}},"10":{"start":{"line":39,"column":8},"end":{"line":39,"column":26}},"11":{"start":{"line":44,"column":8},"end":{"line":44,"column":32}},"12":{"start":{"line":49,"column":8},"end":{"line":49,"column":32}}},"branchMap":{"1":{"line":28,"type":"if","locations":[{"start":{"line":28,"column":8},"end":{"line":28,"column":8}},{"start":{"line":28,"column":8},"end":{"line":28,"column":8}}]},"2":{"line":33,"type":"if","locations":[{"start":{"line":33,"column":8},"end":{"line":33,"column":8}},{"start":{"line":33,"column":8},"end":{"line":33,"column":8}}]},"3":{"line":38,"type":"if","locations":[{"start":{"line":38,"column":8},"end":{"line":38,"column":8}},{"start":{"line":38,"column":8},"end":{"line":38,"column":8}}]}}},"contracts\\the-rewarder\\FlashLoanerPool.sol":{"l":{"22":0,"26":0,"27":0,"29":0,"31":0,"33":0,"40":0},"path":"C:\\Users\\nolan\\damn-vulnerable-defi\\contracts\\the-rewarder\\FlashLoanerPool.sol","s":{"1":0,"2":0,"3":0,"4":0,"5":0,"6":0},"b":{"1":[0,0],"2":[0,0],"3":[0,0],"4":[0,0]},"f":{"1":0,"2":0},"fnMap":{"1":{"name":"constructor","line":21,"loc":{"start":{"line":21,"column":4},"end":{"line":23,"column":4}}},"2":{"name":"flashLoan","line":25,"loc":{"start":{"line":25,"column":4},"end":{"line":41,"column":4}}}},"statementMap":{"1":{"start":{"line":26,"column":8},"end":{"line":26,"column":71}},"2":{"start":{"line":27,"column":8},"end":{"line":27,"column":67}},"3":{"start":{"line":29,"column":8},"end":{"line":29,"column":79}},"4":{"start":{"line":31,"column":8},"end":{"line":31,"column":50}},"5":{"start":{"line":33,"column":8},"end":{"line":33,"column":1016}},"6":{"start":{"line":40,"column":8},"end":{"line":40,"column":100}}},"branchMap":{"1":{"line":25,"type":"if","locations":[{"start":{"line":25,"column":48},"end":{"line":25,"column":48}},{"start":{"line":25,"column":48},"end":{"line":25,"column":48}}]},"2":{"line":27,"type":"if","locations":[{"start":{"line":27,"column":8},"end":{"line":27,"column":8}},{"start":{"line":27,"column":8},"end":{"line":27,"column":8}}]},"3":{"line":29,"type":"if","locations":[{"start":{"line":29,"column":8},"end":{"line":29,"column":8}},{"start":{"line":29,"column":8},"end":{"line":29,"column":8}}]},"4":{"line":40,"type":"if","locations":[{"start":{"line":40,"column":8},"end":{"line":40,"column":8}},{"start":{"line":40,"column":8},"end":{"line":40,"column":8}}]}}},"contracts\\the-rewarder\\RewardToken.sol":{"l":{"18":0,"19":0,"23":0,"24":0},"path":"C:\\Users\\nolan\\damn-vulnerable-defi\\contracts\\the-rewarder\\RewardToken.sol","s":{"1":0,"2":0,"3":0,"4":0},"b":{"1":[0,0]},"f":{"1":0,"2":0},"fnMap":{"1":{"name":"constructor","line":17,"loc":{"start":{"line":17,"column":4},"end":{"line":20,"column":4}}},"2":{"name":"mint","line":22,"loc":{"start":{"line":22,"column":4},"end":{"line":25,"column":4}}}},"statementMap":{"1":{"start":{"line":18,"column":8},"end":{"line":18,"column":49}},"2":{"start":{"line":19,"column":8},"end":{"line":19,"column":42}},"3":{"start":{"line":23,"column":8},"end":{"line":23,"column":48}},"4":{"start":{"line":24,"column":8},"end":{"line":24,"column":24}}},"branchMap":{"1":{"line":23,"type":"if","locations":[{"start":{"line":23,"column":8},"end":{"line":23,"column":8}},{"start":{"line":23,"column":8},"end":{"line":23,"column":8}}]}}},"contracts\\the-rewarder\\TheRewarderPool.sol":{"l":{"39":0,"40":0,"41":0,"43":0,"50":0,"52":0,"53":0,"55":0,"61":0,"62":0,"66":0,"68":0,"69":0,"72":0,"73":0,"75":0,"76":0,"78":0,"79":0,"80":0,"84":0,"88":0,"89":0,"90":0,"94":0,"101":0},"path":"C:\\Users\\nolan\\damn-vulnerable-defi\\contracts\\the-rewarder\\TheRewarderPool.sol","s":{"1":0,"2":0,"3":0,"4":0,"5":0,"6":0,"7":0,"8":0,"9":0,"10":0,"11":0,"12":0,"13":0,"14":0,"15":0,"16":0,"17":0,"18":0},"b":{"1":[0,0],"2":[0,0],"3":[0,0],"4":[0,0],"5":[0,0],"6":[0,0]},"f":{"1":0,"2":0,"3":0,"4":0,"5":0,"6":0,"7":0},"fnMap":{"1":{"name":"constructor","line":37,"loc":{"start":{"line":37,"column":4},"end":{"line":44,"column":4}}},"2":{"name":"deposit","line":49,"loc":{"start":{"line":49,"column":4},"end":{"line":58,"column":4}}},"3":{"name":"withdraw","line":60,"loc":{"start":{"line":60,"column":4},"end":{"line":63,"column":4}}},"4":{"name":"distributeRewards","line":65,"loc":{"start":{"line":65,"column":4},"end":{"line":85,"column":4}}},"5":{"name":"_recordSnapshot","line":87,"loc":{"start":{"line":87,"column":4},"end":{"line":91,"column":4}}},"6":{"name":"_hasRetrievedReward","line":93,"loc":{"start":{"line":93,"column":4},"end":{"line":98,"column":4}}},"7":{"name":"isNewRewardsRound","line":100,"loc":{"start":{"line":100,"column":4},"end":{"line":102,"column":4}}}},"statementMap":{"1":{"start":{"line":43,"column":8},"end":{"line":43,"column":24}},"2":{"start":{"line":50,"column":8},"end":{"line":50,"column":58}},"3":{"start":{"line":52,"column":8},"end":{"line":52,"column":49}},"4":{"start":{"line":53,"column":8},"end":{"line":53,"column":26}},"5":{"start":{"line":55,"column":8},"end":{"line":55,"column":1614}},"6":{"start":{"line":61,"column":8},"end":{"line":61,"column":50}},"7":{"start":{"line":62,"column":8},"end":{"line":62,"column":69}},"8":{"start":{"line":66,"column":8},"end":{"line":66,"column":27}},"9":{"start":{"line":68,"column":8},"end":{"line":68,"column":2027}},"10":{"start":{"line":69,"column":12},"end":{"line":69,"column":28}},"11":{"start":{"line":72,"column":8},"end":{"line":72,"column":80}},"12":{"start":{"line":73,"column":8},"end":{"line":73,"column":92}},"13":{"start":{"line":75,"column":8},"end":{"line":75,"column":2303}},"14":{"start":{"line":78,"column":12},"end":{"line":78,"column":2445}},"15":{"start":{"line":79,"column":16},"end":{"line":79,"column":52}},"16":{"start":{"line":84,"column":8},"end":{"line":84,"column":22}},"17":{"start":{"line":94,"column":8},"end":{"line":94,"column":2968}},"18":{"start":{"line":101,"column":8},"end":{"line":101,"column":92}}},"branchMap":{"1":{"line":50,"type":"if","locations":[{"start":{"line":50,"column":8},"end":{"line":50,"column":8}},{"start":{"line":50,"column":8},"end":{"line":50,"column":8}}]},"2":{"line":55,"type":"if","locations":[{"start":{"line":55,"column":8},"end":{"line":55,"column":8}},{"start":{"line":55,"column":8},"end":{"line":55,"column":8}}]},"3":{"line":62,"type":"if","locations":[{"start":{"line":62,"column":8},"end":{"line":62,"column":8}},{"start":{"line":62,"column":8},"end":{"line":62,"column":8}}]},"4":{"line":68,"type":"if","locations":[{"start":{"line":68,"column":8},"end":{"line":68,"column":8}},{"start":{"line":68,"column":8},"end":{"line":68,"column":8}}]},"5":{"line":75,"type":"if","locations":[{"start":{"line":75,"column":8},"end":{"line":75,"column":8}},{"start":{"line":75,"column":8},"end":{"line":75,"column":8}}]},"6":{"line":78,"type":"if","locations":[{"start":{"line":78,"column":12},"end":{"line":78,"column":12}},{"start":{"line":78,"column":12},"end":{"line":78,"column":12}}]}}},"contracts\\truster\\EvilContract.sol":{"l":{"14":3,"15":3,"19":0,"20":0},"path":"C:\\Users\\nolan\\damn-vulnerable-defi\\contracts\\truster\\EvilContract.sol","s":{"1":3},"b":{},"f":{"1":3},"fnMap":{"1":{"name":"constructor","line":13,"loc":{"start":{"line":13,"column":4},"end":{"line":16,"column":4}}}},"statementMap":{"1":{"start":{"line":14,"column":8},"end":{"line":14,"column":40}}},"branchMap":{}},"contracts\\truster\\TrusterLenderPool.sol":{"l":{"20":3,"32":1,"33":1,"35":1,"36":1,"38":1,"39":1},"path":"C:\\Users\\nolan\\damn-vulnerable-defi\\contracts\\truster\\TrusterLenderPool.sol","s":{"1":1,"2":1,"3":1,"4":1,"5":1,"6":1},"b":{"1":[1,0],"2":[1,0],"3":[1,0]},"f":{"1":3,"2":1},"fnMap":{"1":{"name":"constructor","line":19,"loc":{"start":{"line":19,"column":4},"end":{"line":21,"column":4}}},"2":{"name":"flashLoan","line":30,"loc":{"start":{"line":23,"column":4},"end":{"line":40,"column":4}}}},"statementMap":{"1":{"start":{"line":32,"column":8},"end":{"line":32,"column":74}},"2":{"start":{"line":33,"column":8},"end":{"line":33,"column":74}},"3":{"start":{"line":35,"column":8},"end":{"line":35,"column":57}},"4":{"start":{"line":36,"column":8},"end":{"line":36,"column":32}},"5":{"start":{"line":38,"column":8},"end":{"line":38,"column":73}},"6":{"start":{"line":39,"column":8},"end":{"line":39,"column":81}}},"branchMap":{"1":{"line":30,"type":"if","locations":[{"start":{"line":30,"column":8},"end":{"line":30,"column":8}},{"start":{"line":30,"column":8},"end":{"line":30,"column":8}}]},"2":{"line":33,"type":"if","locations":[{"start":{"line":33,"column":8},"end":{"line":33,"column":8}},{"start":{"line":33,"column":8},"end":{"line":33,"column":8}}]},"3":{"line":39,"type":"if","locations":[{"start":{"line":39,"column":8},"end":{"line":39,"column":8}},{"start":{"line":39,"column":8},"end":{"line":39,"column":8}}]}}},"contracts\\unstoppable\\ReceiverUnstoppable.sol":{"l":{"18":0,"19":0,"24":0,"26":0,"30":0,"31":0},"path":"C:\\Users\\nolan\\damn-vulnerable-defi\\contracts\\unstoppable\\ReceiverUnstoppable.sol","s":{"1":0,"2":0,"3":0,"4":0},"b":{"1":[0,0],"2":[0,0],"3":[0,0]},"f":{"1":0,"2":0,"3":0},"fnMap":{"1":{"name":"constructor","line":17,"loc":{"start":{"line":17,"column":4},"end":{"line":20,"column":4}}},"2":{"name":"receiveTokens","line":23,"loc":{"start":{"line":23,"column":4},"end":{"line":27,"column":4}}},"3":{"name":"executeFlashLoan","line":29,"loc":{"start":{"line":29,"column":4},"end":{"line":32,"column":4}}}},"statementMap":{"1":{"start":{"line":24,"column":8},"end":{"line":24,"column":66}},"2":{"start":{"line":26,"column":8},"end":{"line":26,"column":94}},"3":{"start":{"line":30,"column":8},"end":{"line":30,"column":72}},"4":{"start":{"line":31,"column":8},"end":{"line":31,"column":29}}},"branchMap":{"1":{"line":24,"type":"if","locations":[{"start":{"line":24,"column":8},"end":{"line":24,"column":8}},{"start":{"line":24,"column":8},"end":{"line":24,"column":8}}]},"2":{"line":26,"type":"if","locations":[{"start":{"line":26,"column":8},"end":{"line":26,"column":8}},{"start":{"line":26,"column":8},"end":{"line":26,"column":8}}]},"3":{"line":30,"type":"if","locations":[{"start":{"line":30,"column":8},"end":{"line":30,"column":8}},{"start":{"line":30,"column":8},"end":{"line":30,"column":8}}]}}},"contracts\\unstoppable\\UnstoppableLender.sol":{"l":{"22":0,"23":0,"27":0,"29":0,"30":0,"34":0,"36":0,"37":0,"40":0,"42":0,"44":0,"46":0,"47":0},"path":"C:\\Users\\nolan\\damn-vulnerable-defi\\contracts\\unstoppable\\UnstoppableLender.sol","s":{"1":0,"2":0,"3":0,"4":0,"5":0,"6":0,"7":0,"8":0,"9":0,"10":0,"11":0},"b":{"1":[0,0],"2":[0,0],"3":[0,0],"4":[0,0],"5":[0,0],"6":[0,0],"7":[0,0]},"f":{"1":0,"2":0,"3":0},"fnMap":{"1":{"name":"constructor","line":21,"loc":{"start":{"line":21,"column":4},"end":{"line":24,"column":4}}},"2":{"name":"depositTokens","line":26,"loc":{"start":{"line":26,"column":4},"end":{"line":31,"column":4}}},"3":{"name":"flashLoan","line":33,"loc":{"start":{"line":33,"column":4},"end":{"line":48,"column":4}}}},"statementMap":{"1":{"start":{"line":22,"column":8},"end":{"line":22,"column":74}},"2":{"start":{"line":27,"column":8},"end":{"line":27,"column":61}},"3":{"start":{"line":29,"column":8},"end":{"line":29,"column":72}},"4":{"start":{"line":34,"column":8},"end":{"line":34,"column":66}},"5":{"start":{"line":36,"column":8},"end":{"line":36,"column":74}},"6":{"start":{"line":37,"column":8},"end":{"line":37,"column":74}},"7":{"start":{"line":40,"column":8},"end":{"line":40,"column":43}},"8":{"start":{"line":42,"column":8},"end":{"line":42,"column":59}},"9":{"start":{"line":44,"column":8},"end":{"line":44,"column":84}},"10":{"start":{"line":46,"column":8},"end":{"line":46,"column":73}},"11":{"start":{"line":47,"column":8},"end":{"line":47,"column":81}}},"branchMap":{"1":{"line":22,"type":"if","locations":[{"start":{"line":22,"column":8},"end":{"line":22,"column":8}},{"start":{"line":22,"column":8},"end":{"line":22,"column":8}}]},"2":{"line":26,"type":"if","locations":[{"start":{"line":26,"column":52},"end":{"line":26,"column":52}},{"start":{"line":26,"column":52},"end":{"line":26,"column":52}}]},"3":{"line":27,"type":"if","locations":[{"start":{"line":27,"column":8},"end":{"line":27,"column":8}},{"start":{"line":27,"column":8},"end":{"line":27,"column":8}}]},"4":{"line":33,"type":"if","locations":[{"start":{"line":33,"column":54},"end":{"line":33,"column":54}},{"start":{"line":33,"column":54},"end":{"line":33,"column":54}}]},"5":{"line":34,"type":"if","locations":[{"start":{"line":34,"column":8},"end":{"line":34,"column":8}},{"start":{"line":34,"column":8},"end":{"line":34,"column":8}}]},"6":{"line":37,"type":"if","locations":[{"start":{"line":37,"column":8},"end":{"line":37,"column":8}},{"start":{"line":37,"column":8},"end":{"line":37,"column":8}}]},"7":{"line":47,"type":"if","locations":[{"start":{"line":47,"column":8},"end":{"line":47,"column":8}},{"start":{"line":47,"column":8},"end":{"line":47,"column":8}}]}}},"contracts\\WETH9.sol":{"l":{"38":0,"42":0,"43":0,"47":0,"48":0,"49":0,"50":0,"54":0,"58":0,"59":0,"60":0,"64":0,"71":0,"73":0,"74":0,"75":0,"78":0,"79":0,"81":0,"83":0},"path":"C:\\Users\\nolan\\damn-vulnerable-defi\\contracts\\WETH9.sol","s":{"1":0,"2":0,"3":0,"4":0,"5":0,"6":0,"7":0,"8":0,"9":0,"10":0,"11":0,"12":0,"13":0},"b":{"1":[0,0],"2":[0,0],"3":[0,0],"4":[0,0]},"f":{"1":0,"2":0,"3":0,"4":0,"5":0,"6":0},"fnMap":{"1":{"name":"deposit","line":41,"loc":{"start":{"line":41,"column":4},"end":{"line":44,"column":4}}},"2":{"name":"withdraw","line":46,"loc":{"start":{"line":46,"column":4},"end":{"line":51,"column":4}}},"3":{"name":"totalSupply","line":53,"loc":{"start":{"line":53,"column":4},"end":{"line":55,"column":4}}},"4":{"name":"approve","line":57,"loc":{"start":{"line":57,"column":4},"end":{"line":61,"column":4}}},"5":{"name":"transfer","line":63,"loc":{"start":{"line":63,"column":4},"end":{"line":65,"column":4}}},"6":{"name":"transferFrom","line":67,"loc":{"start":{"line":67,"column":4},"end":{"line":84,"column":4}}}},"statementMap":{"1":{"start":{"line":43,"column":8},"end":{"line":43,"column":43}},"2":{"start":{"line":47,"column":8},"end":{"line":47,"column":44}},"3":{"start":{"line":49,"column":8},"end":{"line":49,"column":31}},"4":{"start":{"line":50,"column":8},"end":{"line":50,"column":40}},"5":{"start":{"line":54,"column":8},"end":{"line":54,"column":36}},"6":{"start":{"line":59,"column":8},"end":{"line":59,"column":43}},"7":{"start":{"line":60,"column":8},"end":{"line":60,"column":19}},"8":{"start":{"line":64,"column":8},"end":{"line":64,"column":49}},"9":{"start":{"line":71,"column":8},"end":{"line":71,"column":37}},"10":{"start":{"line":73,"column":8},"end":{"line":73,"column":2439}},"11":{"start":{"line":74,"column":12},"end":{"line":74,"column":53}},"12":{"start":{"line":81,"column":8},"end":{"line":81,"column":36}},"13":{"start":{"line":83,"column":8},"end":{"line":83,"column":19}}},"branchMap":{"1":{"line":47,"type":"if","locations":[{"start":{"line":47,"column":8},"end":{"line":47,"column":8}},{"start":{"line":47,"column":8},"end":{"line":47,"column":8}}]},"2":{"line":71,"type":"if","locations":[{"start":{"line":71,"column":8},"end":{"line":71,"column":8}},{"start":{"line":71,"column":8},"end":{"line":71,"column":8}}]},"3":{"line":73,"type":"if","locations":[{"start":{"line":73,"column":8},"end":{"line":73,"column":8}},{"start":{"line":73,"column":8},"end":{"line":73,"column":8}}]},"4":{"line":74,"type":"if","locations":[{"start":{"line":74,"column":12},"end":{"line":74,"column":12}},{"start":{"line":74,"column":12},"end":{"line":74,"column":12}}]}}}}